2025-09-29 16:07:32.056 PDT [27499] LOG:  starting PostgreSQL 14.19 (Homebrew) on aarch64-apple-darwin23.6.0, compiled by Apple clang version 16.0.0 (clang-1600.0.26.6), 64-bit
2025-09-29 16:07:32.057 PDT [27499] LOG:  could not bind IPv6 address "::1": Address already in use
2025-09-29 16:07:32.057 PDT [27499] HINT:  Is another postmaster already running on port 5432? If not, wait a few seconds and retry.
2025-09-29 16:07:32.057 PDT [27499] LOG:  could not bind IPv4 address "127.0.0.1": Address already in use
2025-09-29 16:07:32.057 PDT [27499] HINT:  Is another postmaster already running on port 5432? If not, wait a few seconds and retry.
2025-09-29 16:07:32.057 PDT [27499] WARNING:  could not create listen socket for "localhost"
2025-09-29 16:07:32.057 PDT [27499] FATAL:  could not create any TCP/IP sockets
2025-09-29 16:07:32.058 PDT [27499] LOG:  database system is shut down
2025-09-29 16:07:41.917 PDT [27527] LOG:  starting PostgreSQL 14.19 (Homebrew) on aarch64-apple-darwin23.6.0, compiled by Apple clang version 16.0.0 (clang-1600.0.26.6), 64-bit
2025-09-29 16:07:41.918 PDT [27527] LOG:  listening on IPv6 address "::1", port 5433
2025-09-29 16:07:41.918 PDT [27527] LOG:  listening on IPv4 address "127.0.0.1", port 5433
2025-09-29 16:07:41.919 PDT [27527] LOG:  listening on Unix socket "/tmp/.s.PGSQL.5433"
2025-09-29 16:07:41.921 PDT [27528] LOG:  database system was shut down at 2025-09-29 16:07:10 PDT
2025-09-29 16:07:41.924 PDT [27527] LOG:  database system is ready to accept connections
2025-09-29 16:08:34.259 PDT [27672] FATAL:  database "viv" does not exist
2025-09-29 17:13:41.927 PDT [38469] FATAL:  data directory "/Users/viv/attendance-system/attendance-system/server/local-pg/data" has invalid permissions
2025-09-29 17:13:41.927 PDT [38469] DETAIL:  Permissions should be u=rwx (0700) or u=rwx,g=rx (0750).
2025-09-29 17:14:00.438 PDT [38566] FATAL:  could not open directory "pg_notify": No such file or directory
2025-09-29 17:14:00.438 PDT [38566] LOG:  database system is shut down
2025-09-29 17:14:38.424 PDT [38662] LOG:  starting PostgreSQL 14.19 (Homebrew) on aarch64-apple-darwin23.6.0, compiled by Apple clang version 16.0.0 (clang-1600.0.26.6), 64-bit
2025-09-29 17:14:38.425 PDT [38662] LOG:  listening on IPv6 address "::1", port 5433
2025-09-29 17:14:38.425 PDT [38662] LOG:  listening on IPv4 address "127.0.0.1", port 5433
2025-09-29 17:14:38.426 PDT [38662] LOG:  listening on Unix socket "/tmp/.s.PGSQL.5433"
2025-09-29 17:14:38.427 PDT [38662] LOG:  could not open directory "pg_tblspc": No such file or directory
2025-09-29 17:14:38.429 PDT [38663] LOG:  database system was interrupted; last known up at 2025-09-29 16:38:27 PDT
2025-09-29 17:14:38.429 PDT [38663] LOG:  creating missing WAL directory "pg_wal/archive_status"
2025-09-29 17:14:38.493 PDT [38663] LOG:  could not open directory "pg_tblspc": No such file or directory
2025-09-29 17:14:38.494 PDT [38663] LOG:  could not open directory "pg_tblspc": No such file or directory
2025-09-29 17:14:38.494 PDT [38663] FATAL:  could not open directory "pg_replslot": No such file or directory
2025-09-29 17:14:38.495 PDT [38662] LOG:  startup process (PID 38663) exited with exit code 1
2025-09-29 17:14:38.495 PDT [38662] LOG:  aborting startup due to startup process failure
2025-09-29 17:14:38.496 PDT [38662] LOG:  database system is shut down
2025-09-29 17:15:39.711 PDT [38803] LOG:  starting PostgreSQL 14.19 (Homebrew) on aarch64-apple-darwin23.6.0, compiled by Apple clang version 16.0.0 (clang-1600.0.26.6), 64-bit
2025-09-29 17:15:39.713 PDT [38803] LOG:  listening on IPv6 address "::1", port 5433
2025-09-29 17:15:39.713 PDT [38803] LOG:  listening on IPv4 address "127.0.0.1", port 5433
2025-09-29 17:15:39.714 PDT [38803] LOG:  listening on Unix socket "/tmp/.s.PGSQL.5433"
2025-09-29 17:15:39.716 PDT [38804] LOG:  database system was shut down at 2025-09-29 17:15:33 PDT
2025-09-29 17:15:39.718 PDT [38803] LOG:  database system is ready to accept connections
2025-09-29 17:19:08.767 PDT [38803] LOG:  received fast shutdown request
2025-09-29 17:19:08.767 PDT [38803] LOG:  aborting any active transactions
2025-09-29 17:19:08.768 PDT [38803] LOG:  background worker "logical replication launcher" (PID 38810) exited with exit code 1
2025-09-29 17:19:08.768 PDT [38805] LOG:  shutting down
2025-09-29 17:19:08.786 PDT [38803] LOG:  database system is shut down
2025-09-29 17:19:21.503 PDT [39744] LOG:  starting PostgreSQL 14.19 (Homebrew) on aarch64-apple-darwin23.6.0, compiled by Apple clang version 16.0.0 (clang-1600.0.26.6), 64-bit
2025-09-29 17:19:21.504 PDT [39744] LOG:  listening on IPv6 address "::1", port 5433
2025-09-29 17:19:21.504 PDT [39744] LOG:  listening on IPv4 address "127.0.0.1", port 5433
2025-09-29 17:19:21.504 PDT [39744] LOG:  listening on Unix socket "/tmp/.s.PGSQL.5433"
2025-09-29 17:19:21.507 PDT [39745] LOG:  database system was shut down at 2025-09-29 17:19:08 PDT
2025-09-29 17:19:21.510 PDT [39744] LOG:  database system is ready to accept connections
2025-09-29 19:06:47.442 PDT [67273] FATAL:  lock file "postmaster.pid" already exists
2025-09-29 19:06:47.442 PDT [67273] HINT:  Is another postmaster (PID 39744) running in data directory "/Users/viv/attendance-system/attendance-system/server/local-pg/data"?
2025-09-29 19:33:21.006 PDT [70349] ERROR:  relation "PayrollPeriod" does not exist at character 24
2025-09-29 19:33:21.006 PDT [70349] STATEMENT:  select id, totals from "PayrollPeriod" limit 1
2025-09-29 19:33:35.363 PDT [70379] ERROR:  relation "PayrollPeriod" does not exist at character 24
2025-09-29 19:33:35.363 PDT [70379] STATEMENT:  select id, totals from "PayrollPeriod" limit 1
2025-09-29 19:44:06.898 PDT [72529] ERROR:  relation "public.PayrollPeriod" does not exist at character 544
2025-09-29 19:44:06.898 PDT [72529] STATEMENT:  SELECT "public"."PayrollPeriod"."id", "public"."PayrollPeriod"."periodKey", "public"."PayrollPeriod"."periodStart", "public"."PayrollPeriod"."periodEnd", "public"."PayrollPeriod"."payDate", "public"."PayrollPeriod"."status", "public"."PayrollPeriod"."totals", "public"."PayrollPeriod"."computedAt", "public"."PayrollPeriod"."approvedAt", "public"."PayrollPeriod"."approvedById", "public"."PayrollPeriod"."paidAt", "public"."PayrollPeriod"."paidById", COALESCE("aggr_selection_0_PayrollLine"."_aggr_count_lines", 0) AS "_aggr_count_lines" FROM "public"."PayrollPeriod" LEFT JOIN (SELECT "public"."PayrollLine"."payrollPeriodId", COUNT(*) AS "_aggr_count_lines" FROM "public"."PayrollLine" WHERE 1=1 GROUP BY "public"."PayrollLine"."payrollPeriodId") AS "aggr_selection_0_PayrollLine" ON ("public"."PayrollPeriod"."id" = "aggr_selection_0_PayrollLine"."payrollPeriodId") WHERE 1=1 ORDER BY "public"."PayrollPeriod"."payDate" DESC LIMIT $1 OFFSET $2
2025-09-29 19:44:12.164 PDT [72529] ERROR:  relation "public.PayrollPeriod" does not exist at character 544
2025-09-29 19:44:12.164 PDT [72529] STATEMENT:  SELECT "public"."PayrollPeriod"."id", "public"."PayrollPeriod"."periodKey", "public"."PayrollPeriod"."periodStart", "public"."PayrollPeriod"."periodEnd", "public"."PayrollPeriod"."payDate", "public"."PayrollPeriod"."status", "public"."PayrollPeriod"."totals", "public"."PayrollPeriod"."computedAt", "public"."PayrollPeriod"."approvedAt", "public"."PayrollPeriod"."approvedById", "public"."PayrollPeriod"."paidAt", "public"."PayrollPeriod"."paidById", COALESCE("aggr_selection_0_PayrollLine"."_aggr_count_lines", 0) AS "_aggr_count_lines" FROM "public"."PayrollPeriod" LEFT JOIN (SELECT "public"."PayrollLine"."payrollPeriodId", COUNT(*) AS "_aggr_count_lines" FROM "public"."PayrollLine" WHERE 1=1 GROUP BY "public"."PayrollLine"."payrollPeriodId") AS "aggr_selection_0_PayrollLine" ON ("public"."PayrollPeriod"."id" = "aggr_selection_0_PayrollLine"."payrollPeriodId") WHERE 1=1 ORDER BY "public"."PayrollPeriod"."payDate" DESC LIMIT $1 OFFSET $2
2025-09-29 19:44:16.555 PDT [72529] ERROR:  relation "public.PayrollPeriod" does not exist at character 544
2025-09-29 19:44:16.555 PDT [72529] STATEMENT:  SELECT "public"."PayrollPeriod"."id", "public"."PayrollPeriod"."periodKey", "public"."PayrollPeriod"."periodStart", "public"."PayrollPeriod"."periodEnd", "public"."PayrollPeriod"."payDate", "public"."PayrollPeriod"."status", "public"."PayrollPeriod"."totals", "public"."PayrollPeriod"."computedAt", "public"."PayrollPeriod"."approvedAt", "public"."PayrollPeriod"."approvedById", "public"."PayrollPeriod"."paidAt", "public"."PayrollPeriod"."paidById", COALESCE("aggr_selection_0_PayrollLine"."_aggr_count_lines", 0) AS "_aggr_count_lines" FROM "public"."PayrollPeriod" LEFT JOIN (SELECT "public"."PayrollLine"."payrollPeriodId", COUNT(*) AS "_aggr_count_lines" FROM "public"."PayrollLine" WHERE 1=1 GROUP BY "public"."PayrollLine"."payrollPeriodId") AS "aggr_selection_0_PayrollLine" ON ("public"."PayrollPeriod"."id" = "aggr_selection_0_PayrollLine"."payrollPeriodId") WHERE 1=1 ORDER BY "public"."PayrollPeriod"."payDate" DESC LIMIT $1 OFFSET $2
2025-09-29 19:44:27.010 PDT [72529] ERROR:  relation "public.PayrollPeriod" does not exist at character 544
2025-09-29 19:44:27.010 PDT [72529] STATEMENT:  SELECT "public"."PayrollPeriod"."id", "public"."PayrollPeriod"."periodKey", "public"."PayrollPeriod"."periodStart", "public"."PayrollPeriod"."periodEnd", "public"."PayrollPeriod"."payDate", "public"."PayrollPeriod"."status", "public"."PayrollPeriod"."totals", "public"."PayrollPeriod"."computedAt", "public"."PayrollPeriod"."approvedAt", "public"."PayrollPeriod"."approvedById", "public"."PayrollPeriod"."paidAt", "public"."PayrollPeriod"."paidById", COALESCE("aggr_selection_0_PayrollLine"."_aggr_count_lines", 0) AS "_aggr_count_lines" FROM "public"."PayrollPeriod" LEFT JOIN (SELECT "public"."PayrollLine"."payrollPeriodId", COUNT(*) AS "_aggr_count_lines" FROM "public"."PayrollLine" WHERE 1=1 GROUP BY "public"."PayrollLine"."payrollPeriodId") AS "aggr_selection_0_PayrollLine" ON ("public"."PayrollPeriod"."id" = "aggr_selection_0_PayrollLine"."payrollPeriodId") WHERE 1=1 ORDER BY "public"."PayrollPeriod"."payDate" DESC LIMIT $1 OFFSET $2
2025-09-29 19:44:33.380 PDT [72529] ERROR:  relation "public.PayrollPeriod" does not exist at character 544
2025-09-29 19:44:33.380 PDT [72529] STATEMENT:  SELECT "public"."PayrollPeriod"."id", "public"."PayrollPeriod"."periodKey", "public"."PayrollPeriod"."periodStart", "public"."PayrollPeriod"."periodEnd", "public"."PayrollPeriod"."payDate", "public"."PayrollPeriod"."status", "public"."PayrollPeriod"."totals", "public"."PayrollPeriod"."computedAt", "public"."PayrollPeriod"."approvedAt", "public"."PayrollPeriod"."approvedById", "public"."PayrollPeriod"."paidAt", "public"."PayrollPeriod"."paidById", COALESCE("aggr_selection_0_PayrollLine"."_aggr_count_lines", 0) AS "_aggr_count_lines" FROM "public"."PayrollPeriod" LEFT JOIN (SELECT "public"."PayrollLine"."payrollPeriodId", COUNT(*) AS "_aggr_count_lines" FROM "public"."PayrollLine" WHERE 1=1 GROUP BY "public"."PayrollLine"."payrollPeriodId") AS "aggr_selection_0_PayrollLine" ON ("public"."PayrollPeriod"."id" = "aggr_selection_0_PayrollLine"."payrollPeriodId") WHERE 1=1 ORDER BY "public"."PayrollPeriod"."payDate" DESC LIMIT $1 OFFSET $2
2025-09-29 19:44:39.497 PDT [72529] ERROR:  relation "public.PayrollPeriod" does not exist at character 544
2025-09-29 19:44:39.497 PDT [72529] STATEMENT:  SELECT "public"."PayrollPeriod"."id", "public"."PayrollPeriod"."periodKey", "public"."PayrollPeriod"."periodStart", "public"."PayrollPeriod"."periodEnd", "public"."PayrollPeriod"."payDate", "public"."PayrollPeriod"."status", "public"."PayrollPeriod"."totals", "public"."PayrollPeriod"."computedAt", "public"."PayrollPeriod"."approvedAt", "public"."PayrollPeriod"."approvedById", "public"."PayrollPeriod"."paidAt", "public"."PayrollPeriod"."paidById", COALESCE("aggr_selection_0_PayrollLine"."_aggr_count_lines", 0) AS "_aggr_count_lines" FROM "public"."PayrollPeriod" LEFT JOIN (SELECT "public"."PayrollLine"."payrollPeriodId", COUNT(*) AS "_aggr_count_lines" FROM "public"."PayrollLine" WHERE 1=1 GROUP BY "public"."PayrollLine"."payrollPeriodId") AS "aggr_selection_0_PayrollLine" ON ("public"."PayrollPeriod"."id" = "aggr_selection_0_PayrollLine"."payrollPeriodId") WHERE 1=1 ORDER BY "public"."PayrollPeriod"."payDate" DESC LIMIT $1 OFFSET $2
2025-09-29 19:44:45.558 PDT [72529] ERROR:  relation "public.PayrollPeriod" does not exist at character 544
2025-09-29 19:44:45.558 PDT [72529] STATEMENT:  SELECT "public"."PayrollPeriod"."id", "public"."PayrollPeriod"."periodKey", "public"."PayrollPeriod"."periodStart", "public"."PayrollPeriod"."periodEnd", "public"."PayrollPeriod"."payDate", "public"."PayrollPeriod"."status", "public"."PayrollPeriod"."totals", "public"."PayrollPeriod"."computedAt", "public"."PayrollPeriod"."approvedAt", "public"."PayrollPeriod"."approvedById", "public"."PayrollPeriod"."paidAt", "public"."PayrollPeriod"."paidById", COALESCE("aggr_selection_0_PayrollLine"."_aggr_count_lines", 0) AS "_aggr_count_lines" FROM "public"."PayrollPeriod" LEFT JOIN (SELECT "public"."PayrollLine"."payrollPeriodId", COUNT(*) AS "_aggr_count_lines" FROM "public"."PayrollLine" WHERE 1=1 GROUP BY "public"."PayrollLine"."payrollPeriodId") AS "aggr_selection_0_PayrollLine" ON ("public"."PayrollPeriod"."id" = "aggr_selection_0_PayrollLine"."payrollPeriodId") WHERE 1=1 ORDER BY "public"."PayrollPeriod"."payDate" DESC LIMIT $1 OFFSET $2
2025-09-29 19:48:30.452 PDT [73059] ERROR:  relation "public.PayrollPeriod" does not exist at character 544
2025-09-29 19:48:30.452 PDT [73059] STATEMENT:  SELECT "public"."PayrollPeriod"."id", "public"."PayrollPeriod"."periodKey", "public"."PayrollPeriod"."periodStart", "public"."PayrollPeriod"."periodEnd", "public"."PayrollPeriod"."payDate", "public"."PayrollPeriod"."status", "public"."PayrollPeriod"."totals", "public"."PayrollPeriod"."computedAt", "public"."PayrollPeriod"."approvedAt", "public"."PayrollPeriod"."approvedById", "public"."PayrollPeriod"."paidAt", "public"."PayrollPeriod"."paidById", COALESCE("aggr_selection_0_PayrollLine"."_aggr_count_lines", 0) AS "_aggr_count_lines" FROM "public"."PayrollPeriod" LEFT JOIN (SELECT "public"."PayrollLine"."payrollPeriodId", COUNT(*) AS "_aggr_count_lines" FROM "public"."PayrollLine" WHERE 1=1 GROUP BY "public"."PayrollLine"."payrollPeriodId") AS "aggr_selection_0_PayrollLine" ON ("public"."PayrollPeriod"."id" = "aggr_selection_0_PayrollLine"."payrollPeriodId") WHERE 1=1 ORDER BY "public"."PayrollPeriod"."payDate" DESC LIMIT $1 OFFSET $2
2025-09-29 20:44:05.530 PDT [76082] LOG:  could not receive data from client: Connection reset by peer
