BASE_URL raw "http://localhost:4000"
{"level":30,"time":1758840515047,"pid":5372,"hostname":"Viviannes-MacBook-Air.local","backupDir":"/Users/viv/server/backups","retentionDays":14,"scheduledTime":"02:30","msg":"Scheduled nightly sqlite backups"}
node:events:497
      throw er; // Unhandled 'error' event
      ^

Error: listen EPERM: operation not permitted 0.0.0.0:8081
    at Server.setupListenHandle [as _listen2] (node:net:1918:21)
    at listenInCluster (node:net:1997:12)
    at Server.listen (node:net:2102:7)
    at Function.listen (/Users/viv/server/node_modules/express/lib/application.js:635:24)
    at start (/Users/viv/server/dist/index.js:17:24)
Emitted 'error' event on Server instance at:
    at emitErrorNT (node:net:1976:8)
    at process.processTicksAndRejections (node:internal/process/task_queues:90:21) {
  code: 'EPERM',
  errno: -1,
  syscall: 'listen',
  address: '0.0.0.0',
  port: 8081
}

Node.js v22.19.0
